# JRE version: OpenJDK Runtime Environment Temurin-21.0.9+10 (21.0.9+10) (build 21.0.9+10-LTS)
# Java VM: OpenJDK 64-Bit Server VM Temurin-21.0.9+10 (21.0.9+10-LTS, mixed mode, sharing, tiered, compressed oops, compressed class ptrs, parallel gc, windows-amd64)
GC Precious Log:
 CardTable entry size: 512
 CPUs: 4 total, 4 available
 Memory: 7985M
 Large Page Support: Disabled
 NUMA Support: Disabled
 Compressed Oops: Enabled (32-bit)
 Alignments: Space 512K, Generation 512K, Heap 2M
 Heap Min Capacity: 100M
 Heap Initial Capacity: 100M
 Heap Max Capacity: 2G
 Pre-touch: Disabled
 Parallel Workers: 4
Heap:
 PSYoungGen      total 3072K, used 2530K [0x00000000d5580000, 0x00000000d5980000, 0x0000000100000000)
  eden space 2560K, 97% used [0x00000000d5580000,0x00000000d57f0a20,0x00000000d5800000)
  from space 512K, 6% used [0x00000000d5880000,0x00000000d5888000,0x00000000d5900000)
  to   space 512K, 0% used [0x00000000d5900000,0x00000000d5900000,0x00000000d5980000)
 ParOldGen       total 1117696K, used 1117306K [0x0000000080000000, 0x00000000c4380000, 0x00000000d5580000)
  object space 1117696K, 99% used [0x0000000080000000,0x00000000c431eae8,0x00000000c4380000)
 Metaspace       used 93206K, committed 94784K, reserved 1179648K
  class space    used 9387K, committed 10176K, reserved 1048576K
GC Heap History (20 events):
Event: 47847.530 GC heap before
{Heap before GC invocations=7514 (full 6):
 PSYoungGen      total 3072K, used 2688K [0x00000000d5580000, 0x00000000d5980000, 0x0000000100000000)
  eden space 2560K, 100% used [0x00000000d5580000,0x00000000d5800000,0x00000000d5800000)
  from space 512K, 25% used [0x00000000d5880000,0x00000000d58a0000,0x00000000d5900000)
  to   space 512K, 0% used [0x00000000d5900000,0x00000000d5900000,0x00000000d5980000)
 ParOldGen       total 1116160K, used 1116094K [0x0000000080000000, 0x00000000c4200000, 0x00000000d5580000)
  object space 1116160K, 99% used [0x0000000080000000,0x00000000c41efbc8,0x00000000c4200000)
 Metaspace       used 93204K, committed 94784K, reserved 1179648K
  class space    used 9387K, committed 10176K, reserved 1048576K
}
Event: 47847.538 GC heap after
{Heap after GC invocations=7514 (full 6):
 PSYoungGen      total 3072K, used 512K [0x00000000d5580000, 0x00000000d5a00000, 0x0000000100000000)
  eden space 2560K, 0% used [0x00000000d5580000,0x00000000d5580000,0x00000000d5800000)
  from space 512K, 100% used [0x00000000d5900000,0x00000000d5980000,0x00000000d5980000)
  to   space 1024K, 0% used [0x00000000d5800000,0x00000000d5800000,0x00000000d5900000)
 ParOldGen       total 1116160K, used 1116110K [0x0000000080000000, 0x00000000c4200000, 0x00000000d5580000)
  object space 1116160K, 99% used [0x0000000080000000,0x00000000c41f3bc8,0x00000000c4200000)
 Metaspace       used 93204K, committed 94784K, reserved 1179648K
  class space    used 9387K, committed 10176K, reserved 1048576K
}
Event: 47847.930 GC heap before
{Heap before GC invocations=7515 (full 6):
 PSYoungGen      total 3072K, used 3072K [0x00000000d5580000, 0x00000000d5a00000, 0x0000000100000000)
  eden space 2560K, 100% used [0x00000000d5580000,0x00000000d5800000,0x00000000d5800000)
  from space 512K, 100% used [0x00000000d5900000,0x00000000d5980000,0x00000000d5980000)
  to   space 1024K, 0% used [0x00000000d5800000,0x00000000d5800000,0x00000000d5900000)
 ParOldGen       total 1116160K, used 1116110K [0x0000000080000000, 0x00000000c4200000, 0x00000000d5580000)
  object space 1116160K, 99% used [0x0000000080000000,0x00000000c41f3bc8,0x00000000c4200000)
 Metaspace       used 93204K, committed 94784K, reserved 1179648K
  class space    used 9387K, committed 10176K, reserved 1048576K
}
Event: 47847.938 GC heap after
{Heap after GC invocations=7515 (full 6):
 PSYoungGen      total 3584K, used 160K [0x00000000d5580000, 0x00000000d5980000, 0x0000000100000000)
  eden space 2560K, 0% used [0x00000000d5580000,0x00000000d5580000,0x00000000d5800000)
  from space 1024K, 15% used [0x00000000d5800000,0x00000000d5828000,0x00000000d5900000)
  to   space 512K, 0% used [0x00000000d5900000,0x00000000d5900000,0x00000000d5980000)
 ParOldGen       total 1116672K, used 1116572K [0x0000000080000000, 0x00000000c4280000, 0x00000000d5580000)
  object space 1116672K, 99% used [0x0000000080000000,0x00000000c4267078,0x00000000c4280000)
 Metaspace       used 93204K, committed 94784K, reserved 1179648K
  class space    used 9387K, committed 10176K, reserved 1048576K
}
Event: 47850.336 GC heap before
{Heap before GC invocations=7516 (full 6):
 PSYoungGen      total 3584K, used 2720K [0x00000000d5580000, 0x00000000d5980000, 0x0000000100000000)
  eden space 2560K, 100% used [0x00000000d5580000,0x00000000d5800000,0x00000000d5800000)
  from space 1024K, 15% used [0x00000000d5800000,0x00000000d5828000,0x00000000d5900000)
  to   space 512K, 0% used [0x00000000d5900000,0x00000000d5900000,0x00000000d5980000)
 ParOldGen       total 1116672K, used 1116572K [0x0000000080000000, 0x00000000c4280000, 0x00000000d5580000)
  object space 1116672K, 99% used [0x0000000080000000,0x00000000c4267078,0x00000000c4280000)
 Metaspace       used 93204K, committed 94784K, reserved 1179648K
  class space    used 9387K, committed 10176K, reserved 1048576K
}
Event: 47850.341 GC heap after
{Heap after GC invocations=7516 (full 6):
 PSYoungGen      total 3072K, used 128K [0x00000000d5580000, 0x00000000d5980000, 0x0000000100000000)
  eden space 2560K, 0% used [0x00000000d5580000,0x00000000d5580000,0x00000000d5800000)
  from space 512K, 25% used [0x00000000d5900000,0x00000000d5920000,0x00000000d5980000)
  to   space 512K, 0% used [0x00000000d5880000,0x00000000d5880000,0x00000000d5900000)
 ParOldGen       total 1116672K, used 1116660K [0x0000000080000000, 0x00000000c4280000, 0x00000000d5580000)
  object space 1116672K, 99% used [0x0000000080000000,0x00000000c427d078,0x00000000c4280000)
 Metaspace       used 93204K, committed 94784K, reserved 1179648K
  class space    used 9387K, committed 10176K, reserved 1048576K
}
Event: 47877.090 GC heap before
{Heap before GC invocations=7517 (full 6):
 PSYoungGen      total 3072K, used 2688K [0x00000000d5580000, 0x00000000d5980000, 0x0000000100000000)
  eden space 2560K, 100% used [0x00000000d5580000,0x00000000d5800000,0x00000000d5800000)
  from space 512K, 25% used [0x00000000d5900000,0x00000000d5920000,0x00000000d5980000)
  to   space 512K, 0% used [0x00000000d5880000,0x00000000d5880000,0x00000000d5900000)
 ParOldGen       total 1116672K, used 1116660K [0x0000000080000000, 0x00000000c4280000, 0x00000000d5580000)
  object space 1116672K, 99% used [0x0000000080000000,0x00000000c427d078,0x00000000c4280000)
 Metaspace       used 93204K, committed 94784K, reserved 1179648K
  class space    used 9387K, committed 10176K, reserved 1048576K
}
Event: 47877.100 GC heap after
{Heap after GC invocations=7517 (full 6):
 PSYoungGen      total 3072K, used 464K [0x00000000d5580000, 0x00000000d5a00000, 0x0000000100000000)
  eden space 2560K, 0% used [0x00000000d5580000,0x00000000d5580000,0x00000000d5800000)
  from space 512K, 90% used [0x00000000d5880000,0x00000000d58f4010,0x00000000d5900000)
  to   space 1024K, 0% used [0x00000000d5900000,0x00000000d5900000,0x00000000d5a00000)
 ParOldGen       total 1117184K, used 1116684K [0x0000000080000000, 0x00000000c4300000, 0x00000000d5580000)
  object space 1117184K, 99% used [0x0000000080000000,0x00000000c4283078,0x00000000c4300000)
 Metaspace       used 93204K, committed 94784K, reserved 1179648K
  class space    used 9387K, committed 10176K, reserved 1048576K
}
Event: 47877.444 GC heap before
{Heap before GC invocations=7518 (full 6):
 PSYoungGen      total 3072K, used 3023K [0x00000000d5580000, 0x00000000d5a00000, 0x0000000100000000)
  eden space 2560K, 99% used [0x00000000d5580000,0x00000000d57fffe8,0x00000000d5800000)
  from space 512K, 90% used [0x00000000d5880000,0x00000000d58f4010,0x00000000d5900000)
  to   space 1024K, 0% used [0x00000000d5900000,0x00000000d5900000,0x00000000d5a00000)
 ParOldGen       total 1117184K, used 1116684K [0x0000000080000000, 0x00000000c4300000, 0x00000000d5580000)
  object space 1117184K, 99% used [0x0000000080000000,0x00000000c4283078,0x00000000c4300000)
 Metaspace       used 93204K, committed 94784K, reserved 1179648K
  class space    used 9387K, committed 10176K, reserved 1048576K
}
Event: 47877.496 GC heap after
{Heap after GC invocations=7518 (full 6):
 PSYoungGen      total 3584K, used 512K [0x00000000d5580000, 0x00000000d5a00000, 0x0000000100000000)
  eden space 2560K, 0% used [0x00000000d5580000,0x00000000d5580000,0x00000000d5800000)
  from space 1024K, 50% used [0x00000000d5900000,0x00000000d5980020,0x00000000d5a00000)
  to   space 1024K, 0% used [0x00000000d5800000,0x00000000d5800000,0x00000000d5900000)
 ParOldGen       total 1117184K, used 1117098K [0x0000000080000000, 0x00000000c4300000, 0x00000000d5580000)
  object space 1117184K, 99% used [0x0000000080000000,0x00000000c42eaac8,0x00000000c4300000)
 Metaspace       used 93204K, committed 94784K, reserved 1179648K
  class space    used 9387K, committed 10176K, reserved 1048576K
}
Event: 47877.512 GC heap before
{Heap before GC invocations=7519 (full 6):
 PSYoungGen      total 3584K, used 3072K [0x00000000d5580000, 0x00000000d5a00000, 0x0000000100000000)
  eden space 2560K, 100% used [0x00000000d5580000,0x00000000d5800000,0x00000000d5800000)
  from space 1024K, 50% used [0x00000000d5900000,0x00000000d5980020,0x00000000d5a00000)
  to   space 1024K, 0% used [0x00000000d5800000,0x00000000d5800000,0x00000000d5900000)
 ParOldGen       total 1117184K, used 1117098K [0x0000000080000000, 0x00000000c4300000, 0x00000000d5580000)
  object space 1117184K, 99% used [0x0000000080000000,0x00000000c42eaac8,0x00000000c4300000)
 Metaspace       used 93204K, committed 94784K, reserved 1179648K
  class space    used 9387K, committed 10176K, reserved 1048576K
}
Event: 47877.517 GC heap after
{Heap after GC invocations=7519 (full 6):
 PSYoungGen      total 3584K, used 336K [0x00000000d5580000, 0x00000000d5980000, 0x0000000100000000)
  eden space 2560K, 0% used [0x00000000d5580000,0x00000000d5580000,0x00000000d5800000)
  from space 1024K, 32% used [0x00000000d5800000,0x00000000d5854010,0x00000000d5900000)
  to   space 512K, 0% used [0x00000000d5900000,0x00000000d5900000,0x00000000d5980000)
 ParOldGen       total 1117696K, used 1117234K [0x0000000080000000, 0x00000000c4380000, 0x00000000d5580000)
  object space 1117696K, 99% used [0x0000000080000000,0x00000000c430cae8,0x00000000c4380000)
 Metaspace       used 93204K, committed 94784K, reserved 1179648K
  class space    used 9387K, committed 10176K, reserved 1048576K
}
Event: 47878.334 GC heap before
{Heap before GC invocations=7520 (full 6):
 PSYoungGen      total 3584K, used 2895K [0x00000000d5580000, 0x00000000d5980000, 0x0000000100000000)
  eden space 2560K, 99% used [0x00000000d5580000,0x00000000d57fffa8,0x00000000d5800000)
  from space 1024K, 32% used [0x00000000d5800000,0x00000000d5854010,0x00000000d5900000)
  to   space 512K, 0% used [0x00000000d5900000,0x00000000d5900000,0x00000000d5980000)
 ParOldGen       total 1117696K, used 1117234K [0x0000000080000000, 0x00000000c4380000, 0x00000000d5580000)
  object space 1117696K, 99% used [0x0000000080000000,0x00000000c430cae8,0x00000000c4380000)
 Metaspace       used 93204K, committed 94784K, reserved 1179648K
  class space    used 9387K, committed 10176K, reserved 1048576K
}
Event: 47878.339 GC heap after
{Heap after GC invocations=7520 (full 6):
 PSYoungGen      total 3072K, used 96K [0x00000000d5580000, 0x00000000d5980000, 0x0000000100000000)
  eden space 2560K, 0% used [0x00000000d5580000,0x00000000d5580000,0x00000000d5800000)
  from space 512K, 18% used [0x00000000d5900000,0x00000000d5918000,0x00000000d5980000)
  to   space 512K, 0% used [0x00000000d5880000,0x00000000d5880000,0x00000000d5900000)
 ParOldGen       total 1117696K, used 1117250K [0x0000000080000000, 0x00000000c4380000, 0x00000000d5580000)
  object space 1117696K, 99% used [0x0000000080000000,0x00000000c4310ae8,0x00000000c4380000)
 Metaspace       used 93204K, committed 94784K, reserved 1179648K
  class space    used 9387K, committed 10176K, reserved 1048576K
}
Event: 77122.124 GC heap before
{Heap before GC invocations=7521 (full 6):
 PSYoungGen      total 3072K, used 2655K [0x00000000d5580000, 0x00000000d5980000, 0x0000000100000000)
  eden space 2560K, 99% used [0x00000000d5580000,0x00000000d57fffd8,0x00000000d5800000)
  from space 512K, 18% used [0x00000000d5900000,0x00000000d5918000,0x00000000d5980000)
  to   space 512K, 0% used [0x00000000d5880000,0x00000000d5880000,0x00000000d5900000)
 ParOldGen       total 1117696K, used 1117250K [0x0000000080000000, 0x00000000c4380000, 0x00000000d5580000)
  object space 1117696K, 99% used [0x0000000080000000,0x00000000c4310ae8,0x00000000c4380000)
 Metaspace       used 93204K, committed 94784K, reserved 1179648K
  class space    used 9387K, committed 10176K, reserved 1048576K
}
Event: 77125.293 GC heap after
{Heap after GC invocations=7521 (full 6):
 PSYoungGen      total 3072K, used 96K [0x00000000d5580000, 0x00000000d5980000, 0x0000000100000000)
  eden space 2560K, 0% used [0x00000000d5580000,0x00000000d5580000,0x00000000d5800000)
  from space 512K, 18% used [0x00000000d5880000,0x00000000d5898000,0x00000000d5900000)
  to   space 512K, 0% used [0x00000000d5900000,0x00000000d5900000,0x00000000d5980000)
 ParOldGen       total 1117696K, used 1117274K [0x0000000080000000, 0x00000000c4380000, 0x00000000d5580000)
  object space 1117696K, 99% used [0x0000000080000000,0x00000000c4316ae8,0x00000000c4380000)
 Metaspace       used 93204K, committed 94784K, reserved 1179648K
  class space    used 9387K, committed 10176K, reserved 1048576K
}
Event: 77129.883 GC heap before
{Heap before GC invocations=7522 (full 6):
 PSYoungGen      total 3072K, used 2656K [0x00000000d5580000, 0x00000000d5980000, 0x0000000100000000)
  eden space 2560K, 100% used [0x00000000d5580000,0x00000000d5800000,0x00000000d5800000)
  from space 512K, 18% used [0x00000000d5880000,0x00000000d5898000,0x00000000d5900000)
  to   space 512K, 0% used [0x00000000d5900000,0x00000000d5900000,0x00000000d5980000)
 ParOldGen       total 1117696K, used 1117274K [0x0000000080000000, 0x00000000c4380000, 0x00000000d5580000)
  object space 1117696K, 99% used [0x0000000080000000,0x00000000c4316ae8,0x00000000c4380000)
 Metaspace       used 93204K, committed 94784K, reserved 1179648K
  class space    used 9387K, committed 10176K, reserved 1048576K
}
Event: 77129.887 GC heap after
{Heap after GC invocations=7522 (full 6):
 PSYoungGen      total 3072K, used 64K [0x00000000d5580000, 0x00000000d5980000, 0x0000000100000000)
  eden space 2560K, 0% used [0x00000000d5580000,0x00000000d5580000,0x00000000d5800000)
  from space 512K, 12% used [0x00000000d5900000,0x00000000d5910000,0x00000000d5980000)
  to   space 512K, 0% used [0x00000000d5880000,0x00000000d5880000,0x00000000d5900000)
 ParOldGen       total 1117696K, used 1117290K [0x0000000080000000, 0x00000000c4380000, 0x00000000d5580000)
  object space 1117696K, 99% used [0x0000000080000000,0x00000000c431aae8,0x00000000c4380000)
 Metaspace       used 93204K, committed 94784K, reserved 1179648K
  class space    used 9387K, committed 10176K, reserved 1048576K
}
Event: 77130.029 GC heap before
{Heap before GC invocations=7523 (full 6):
 PSYoungGen      total 3072K, used 2624K [0x00000000d5580000, 0x00000000d5980000, 0x0000000100000000)
  eden space 2560K, 100% used [0x00000000d5580000,0x00000000d5800000,0x00000000d5800000)
  from space 512K, 12% used [0x00000000d5900000,0x00000000d5910000,0x00000000d5980000)
  to   space 512K, 0% used [0x00000000d5880000,0x00000000d5880000,0x00000000d5900000)
 ParOldGen       total 1117696K, used 1117290K [0x0000000080000000, 0x00000000c4380000, 0x00000000d5580000)
  object space 1117696K, 99% used [0x0000000080000000,0x00000000c431aae8,0x00000000c4380000)
 Metaspace       used 93204K, committed 94784K, reserved 1179648K
  class space    used 9387K, committed 10176K, reserved 1048576K
}
Event: 77130.035 GC heap after
{Heap after GC invocations=7523 (full 6):
 PSYoungGen      total 3072K, used 32K [0x00000000d5580000, 0x00000000d5980000, 0x0000000100000000)
  eden space 2560K, 0% used [0x00000000d5580000,0x00000000d5580000,0x00000000d5800000)
  from space 512K, 6% used [0x00000000d5880000,0x00000000d5888000,0x00000000d5900000)
  to   space 512K, 0% used [0x00000000d5900000,0x00000000d5900000,0x00000000d5980000)
 ParOldGen       total 1117696K, used 1117306K [0x0000000080000000, 0x00000000c4380000, 0x00000000d5580000)
  object space 1117696K, 99% used [0x0000000080000000,0x00000000c431eae8,0x00000000c4380000)
 Metaspace       used 93204K, committed 94784K, reserved 1179648K
  class space    used 9387K, committed 10176K, reserved 1048576K
}

